<?xml version="1.0" encoding="UTF-8"?>
<!-- Generated by org.testng.reporters.JUnitXMLReporter -->
<testsuite ignored="0" hostname="DESKTOP-4R0B1MP" failures="1" tests="4" name="Test" time="34.118" errors="0" timestamp="2023-04-30T22:57:02 IST">
  <testcase classname="testcases.OpenBrowser" name="openBrowserAndURL" time="11.645"/>
  <testcase classname="testcases.TC0002_CheckBox_Test" name="checkBox_Test_Click" time="3.069"/>
  <testcase classname="testcases.TC0002_CheckBox_Test" name="checkBox_Test_EnterForm" time="16.628">
    <failure type="java.lang.AssertionError" message="expected [true] but found [false]">
      <![CDATA[java.lang.AssertionError: expected [true] but found [false]
at pages.TC0002_CheckBox_Page.textBox_Page_getText(TC0002_CheckBox_Page.java:329)
at testcases.TC0002_CheckBox_Test.checkBox_Test_EnterForm(TC0002_CheckBox_Test.java:32)
at java.base/java.util.ArrayList.forEach(ArrayList.java:1511)
... Removed 31 stack frames]]>
    </failure>
  </testcase> <!-- checkBox_Test_EnterForm -->
  <testcase classname="testcases.TC0002_CheckBox_Test" name="tear" time="0.561"/>
</testsuite> <!-- Test -->
