<?xml version="1.0" encoding="UTF-8"?>
<!-- Generated by org.testng.reporters.JUnitXMLReporter -->
<testsuite ignored="0" hostname="DESKTOP-4R0B1MP" failures="1" tests="5" name="BrokenLinks" time="37.978" errors="0" timestamp="2023-04-30T21:41:06 IST">
  <testcase classname="testcases.OpenBrowser" name="openBrowserAndURL" time="12.127"/>
  <testcase classname="testcases.TC0007_Broken_Links_Images_Test" name="brokenLinks_Click" time="1.369"/>
  <testcase classname="testcases.TC0007_Broken_Links_Images_Test" name="getBrokenLinks_images_Details" time="4.505"/>
  <testcase classname="testcases.TC0007_Broken_Links_Images_Test" name="brokenlinks_click_Links" time="18.63">
    <failure type="java.lang.AssertionError" message="The following asserts failed:
	 fffffffff expected [https://demoqa.com/] but found [https://demoqa.com/1],
	seeeeeeee expected [http://the-internet.herokuapp.com/status_codes/500] but found [http://the-internet.herokuapp.com/status_codes/5001]">
      <![CDATA[java.lang.AssertionError: The following asserts failed:
 fffffffff expected [https://demoqa.com/] but found [https://demoqa.com/1],
seeeeeeee expected [http://the-internet.herokuapp.com/status_codes/500] but found [http://the-internet.herokuapp.com/status_codes/5001]
at pages.TC0007_BrokenLinks_Page.click_Links(TC0007_BrokenLinks_Page.java:126)
at testcases.TC0007_Broken_Links_Images_Test.brokenlinks_click_Links(TC0007_Broken_Links_Images_Test.java:32)
at java.base/java.util.ArrayList.forEach(ArrayList.java:1511)
... Removed 29 stack frames]]>
    </failure>
  </testcase> <!-- brokenlinks_click_Links -->
  <testcase classname="testcases.TC0007_Broken_Links_Images_Test" name="tear" time="1.256"/>
</testsuite> <!-- BrokenLinks -->
