<?xml version="1.0" encoding="UTF-8"?>
<!-- Generated by org.testng.reporters.JUnitXMLReporter -->
<testsuite ignored="0" hostname="DESKTOP-4R0B1MP" failures="2" tests="5" name="TestBox" time="32.589" errors="0" timestamp="2023-04-30T23:17:42 IST">
  <testcase classname="testcases.OpenBrowser" name="openBrowserAndURL" time="17.199"/>
  <testcase classname="testcases.TC0001_TextBox_Test" name="textBox_Test_Click" time="1.696"/>
  <testcase classname="testcases.TC0001_TextBox_Test" name="textBox_Test_EnterForm" time="4.752">
    <failure type="java.lang.AssertionError" message="expected [true] but found [false]">
      <![CDATA[java.lang.AssertionError: expected [true] but found [false]
at pages.TC0001_TextBox_Page.textBox_Page_getText(TC0001_TextBox_Page.java:31)
at testcases.TC0001_TextBox_Test.textBox_Test_EnterForm(TC0001_TextBox_Test.java:26)
at java.base/java.util.ArrayList.forEach(ArrayList.java:1511)
... Removed 35 stack frames]]>
    </failure>
  </testcase> <!-- textBox_Test_EnterForm -->
  <testcase classname="testcases.TC0001_TextBox_Test" name="textBox_Test_EnterForm" time="3.882">
    <failure type="java.lang.AssertionError" message="expected [true] but found [false]">
      <![CDATA[java.lang.AssertionError: expected [true] but found [false]
at pages.TC0001_TextBox_Page.textBox_Page_getText(TC0001_TextBox_Page.java:31)
at testcases.TC0001_TextBox_Test.textBox_Test_EnterForm(TC0001_TextBox_Test.java:26)
at java.base/java.util.ArrayList.forEach(ArrayList.java:1511)
... Removed 35 stack frames]]>
    </failure>
  </testcase> <!-- textBox_Test_EnterForm -->
  <testcase classname="testcases.TC0001_TextBox_Test" name="teardown" time="1.266"/>
</testsuite> <!-- TestBox -->
