<?xml version="1.0" encoding="UTF-8"?>
<testng-results ignored="2" total="41" passed="36" failed="3" skipped="0">
  <reporter-output>
    <line>
      <![CDATA[Click to see Screenshot]]>
    </line>
    <line>
      <![CDATA[<a target="_blank" href=Sun_Apr_30_23_07_05_IST_2023.jpg>Screenshot</a>]]>
    </line>
    <line>
      <![CDATA[<br>]]>
    </line>
    <line>
      <![CDATA[<br>]]>
    </line>
    <line>
      <![CDATA[<a target="_blank" href=Sun_Apr_30_23_07_05_IST_2023.jpg><img src=Sun_Apr_30_23_07_05_IST_2023.jpg height=200 width=200></img></a>]]>
    </line>
    <line>
      <![CDATA[Click to see Screenshot]]>
    </line>
    <line>
      <![CDATA[<a target="_blank" href=Sun_Apr_30_23_07_10_IST_2023.jpg>Screenshot</a>]]>
    </line>
    <line>
      <![CDATA[<br>]]>
    </line>
    <line>
      <![CDATA[<br>]]>
    </line>
    <line>
      <![CDATA[<a target="_blank" href=Sun_Apr_30_23_07_10_IST_2023.jpg><img src=Sun_Apr_30_23_07_10_IST_2023.jpg height=200 width=200></img></a>]]>
    </line>
    <line>
      <![CDATA[Click to see Screenshot]]>
    </line>
    <line>
      <![CDATA[<a target="_blank" href=Sun_Apr_30_23_10_23_IST_2023.jpg>Screenshot</a>]]>
    </line>
    <line>
      <![CDATA[<br>]]>
    </line>
    <line>
      <![CDATA[<br>]]>
    </line>
    <line>
      <![CDATA[<a target="_blank" href=Sun_Apr_30_23_10_23_IST_2023.jpg><img src=Sun_Apr_30_23_10_23_IST_2023.jpg height=200 width=200></img></a>]]>
    </line>
  </reporter-output>
  <suite started-at="2023-04-30T23:06:46 IST" name="Suite" finished-at="2023-04-30T23:11:03 IST" duration-ms="257114">
    <groups>
      <group name="functional">
        <method signature="OpenBrowser.openBrowserAndURL()[pri:0, instance:testcases.OpenBrowser@7c2b6087]" name="openBrowserAndURL" class="testcases.OpenBrowser"/>
        <method signature="OpenBrowser.openBrowserAndURL()[pri:0, instance:testcases.OpenBrowser@30f5a68a]" name="openBrowserAndURL" class="testcases.OpenBrowser"/>
        <method signature="OpenBrowser.openBrowserAndURL()[pri:0, instance:testcases.OpenBrowser@3a62c01e]" name="openBrowserAndURL" class="testcases.OpenBrowser"/>
        <method signature="OpenBrowser.openBrowserAndURL()[pri:0, instance:testcases.OpenBrowser@4264b240]" name="openBrowserAndURL" class="testcases.OpenBrowser"/>
        <method signature="OpenBrowser.openBrowserAndURL()[pri:0, instance:testcases.OpenBrowser@3f363cf5]" name="openBrowserAndURL" class="testcases.OpenBrowser"/>
        <method signature="OpenBrowser.openBrowserAndURL()[pri:0, instance:testcases.OpenBrowser@553f1d75]" name="openBrowserAndURL" class="testcases.OpenBrowser"/>
        <method signature="OpenBrowser.openBrowserAndURL()[pri:0, instance:testcases.OpenBrowser@6cbcf243]" name="openBrowserAndURL" class="testcases.OpenBrowser"/>
        <method signature="OpenBrowser.openBrowserAndURL()[pri:0, instance:testcases.OpenBrowser@275fe372]" name="openBrowserAndURL" class="testcases.OpenBrowser"/>
        <method signature="OpenBrowser.openBrowserAndURL()[pri:0, instance:testcases.OpenBrowser@a5b0b86]" name="openBrowserAndURL" class="testcases.OpenBrowser"/>
      </group> <!-- functional -->
      <group name="regression">
        <method signature="OpenBrowser.openBrowserAndURL()[pri:0, instance:testcases.OpenBrowser@7c2b6087]" name="openBrowserAndURL" class="testcases.OpenBrowser"/>
        <method signature="TC0001_TextBox_Test.teardown()[pri:3, instance:testcases.TC0001_TextBox_Test@47db5fa5]" name="teardown" class="testcases.TC0001_TextBox_Test"/>
        <method signature="TC0001_TextBox_Test.textBox_Test_Click()[pri:1, instance:testcases.TC0001_TextBox_Test@47db5fa5]" name="textBox_Test_Click" class="testcases.TC0001_TextBox_Test"/>
        <method signature="TC0001_TextBox_Test.textBox_Test_EnterForm(java.util.Hashtable)[pri:2, instance:testcases.TC0001_TextBox_Test@47db5fa5]" name="textBox_Test_EnterForm" class="testcases.TC0001_TextBox_Test"/>
        <method signature="OpenBrowser.openBrowserAndURL()[pri:0, instance:testcases.OpenBrowser@30f5a68a]" name="openBrowserAndURL" class="testcases.OpenBrowser"/>
        <method signature="TC0002_CheckBox_Test.teardown()[pri:3, instance:testcases.TC0002_CheckBox_Test@4e28bdd1]" name="teardown" class="testcases.TC0002_CheckBox_Test"/>
        <method signature="OpenBrowser.openBrowserAndURL()[pri:0, instance:testcases.OpenBrowser@3a62c01e]" name="openBrowserAndURL" class="testcases.OpenBrowser"/>
        <method signature="TC0003_RadioButton_Test.radio_ButtonClick()[pri:1, instance:testcases.TC0003_RadioButton_Test@7a8fa663]" name="radio_ButtonClick" class="testcases.TC0003_RadioButton_Test"/>
        <method signature="TC0003_RadioButton_Test.radiobuttondata(java.util.Hashtable)[pri:2, instance:testcases.TC0003_RadioButton_Test@7a8fa663]" name="radiobuttondata" class="testcases.TC0003_RadioButton_Test"/>
        <method signature="TC0003_RadioButton_Test.tear()[pri:3, instance:testcases.TC0003_RadioButton_Test@7a8fa663]" name="tear" class="testcases.TC0003_RadioButton_Test"/>
        <method signature="OpenBrowser.openBrowserAndURL()[pri:0, instance:testcases.OpenBrowser@4264b240]" name="openBrowserAndURL" class="testcases.OpenBrowser"/>
        <method signature="TC0004_WebTable_Test.tear()[pri:5, instance:testcases.TC0004_WebTable_Test@5b04476e]" name="tear" class="testcases.TC0004_WebTable_Test"/>
        <method signature="TC0004_WebTable_Test.webtable_Click()[pri:1, instance:testcases.TC0004_WebTable_Test@5b04476e]" name="webtable_Click" class="testcases.TC0004_WebTable_Test"/>
        <method signature="TC0004_WebTable_Test.webtable_enter_Values(java.util.Hashtable)[pri:2, instance:testcases.TC0004_WebTable_Test@5b04476e]" name="webtable_enter_Values" class="testcases.TC0004_WebTable_Test"/>
        <method signature="TC0004_WebTable_Test.webtable_serching_(java.util.Hashtable)[pri:4, instance:testcases.TC0004_WebTable_Test@5b04476e]" name="webtable_serching_" class="testcases.TC0004_WebTable_Test"/>
        <method signature="OpenBrowser.openBrowserAndURL()[pri:0, instance:testcases.OpenBrowser@3f363cf5]" name="openBrowserAndURL" class="testcases.OpenBrowser"/>
        <method signature="TC0005_Buttons_Test.buttons_Click()[pri:1, instance:testcases.TC0005_Buttons_Test@3829ac1]" name="buttons_Click" class="testcases.TC0005_Buttons_Test"/>
        <method signature="TC0005_Buttons_Test.double_right_Click()[pri:2, instance:testcases.TC0005_Buttons_Test@3829ac1]" name="double_right_Click" class="testcases.TC0005_Buttons_Test"/>
        <method signature="TC0005_Buttons_Test.tear()[pri:3, instance:testcases.TC0005_Buttons_Test@3829ac1]" name="tear" class="testcases.TC0005_Buttons_Test"/>
        <method signature="OpenBrowser.openBrowserAndURL()[pri:0, instance:testcases.OpenBrowser@553f1d75]" name="openBrowserAndURL" class="testcases.OpenBrowser"/>
        <method signature="TC0006_Links_Test.getLinksText()[pri:2, instance:testcases.TC0006_Links_Test@6e1d8f9e]" name="getLinksText" class="testcases.TC0006_Links_Test"/>
        <method signature="TC0006_Links_Test.links_Click()[pri:1, instance:testcases.TC0006_Links_Test@6e1d8f9e]" name="links_Click" class="testcases.TC0006_Links_Test"/>
        <method signature="TC0006_Links_Test.links_test(java.util.Hashtable)[pri:3, instance:testcases.TC0006_Links_Test@6e1d8f9e]" name="links_test" class="testcases.TC0006_Links_Test"/>
        <method signature="TC0006_Links_Test.tear()[pri:4, instance:testcases.TC0006_Links_Test@6e1d8f9e]" name="tear" class="testcases.TC0006_Links_Test"/>
        <method signature="OpenBrowser.openBrowserAndURL()[pri:0, instance:testcases.OpenBrowser@6cbcf243]" name="openBrowserAndURL" class="testcases.OpenBrowser"/>
        <method signature="TC0007_Broken_Links_Images_Test.brokenLinks_Click()[pri:1, instance:testcases.TC0007_Broken_Links_Images_Test@29e6eb25]" name="brokenLinks_Click" class="testcases.TC0007_Broken_Links_Images_Test"/>
        <method signature="TC0007_Broken_Links_Images_Test.brokenlinks_click_Links(java.util.Hashtable)[pri:3, instance:testcases.TC0007_Broken_Links_Images_Test@29e6eb25]" name="brokenlinks_click_Links" class="testcases.TC0007_Broken_Links_Images_Test"/>
        <method signature="TC0007_Broken_Links_Images_Test.getBrokenLinks_images_Details()[pri:2, instance:testcases.TC0007_Broken_Links_Images_Test@29e6eb25]" name="getBrokenLinks_images_Details" class="testcases.TC0007_Broken_Links_Images_Test"/>
        <method signature="TC0007_Broken_Links_Images_Test.tear()[pri:4, instance:testcases.TC0007_Broken_Links_Images_Test@29e6eb25]" name="tear" class="testcases.TC0007_Broken_Links_Images_Test"/>
        <method signature="OpenBrowser.openBrowserAndURL()[pri:0, instance:testcases.OpenBrowser@275fe372]" name="openBrowserAndURL" class="testcases.OpenBrowser"/>
        <method signature="TC0008_Upload_And_Download_Test.tear()[pri:3, instance:testcases.TC0008_Upload_And_Download_Test@40e10ff8]" name="tear" class="testcases.TC0008_Upload_And_Download_Test"/>
        <method signature="TC0008_Upload_And_Download_Test.updateFile_download()[pri:2, instance:testcases.TC0008_Upload_And_Download_Test@40e10ff8]" name="updateFile_download" class="testcases.TC0008_Upload_And_Download_Test"/>
        <method signature="TC0008_Upload_And_Download_Test.uploadAndDownload_Click()[pri:1, instance:testcases.TC0008_Upload_And_Download_Test@40e10ff8]" name="uploadAndDownload_Click" class="testcases.TC0008_Upload_And_Download_Test"/>
        <method signature="OpenBrowser.openBrowserAndURL()[pri:0, instance:testcases.OpenBrowser@a5b0b86]" name="openBrowserAndURL" class="testcases.OpenBrowser"/>
        <method signature="TC0009_dynamicProperties_Test.dynamicProperties_Click()[pri:1, instance:testcases.TC0009_dynamicProperties_Test@4b3c354a]" name="dynamicProperties_Click" class="testcases.TC0009_dynamicProperties_Test"/>
        <method signature="TC0009_dynamicProperties_Test.tear()[pri:2, instance:testcases.TC0009_dynamicProperties_Test@4b3c354a]" name="tear" class="testcases.TC0009_dynamicProperties_Test"/>
      </group> <!-- regression -->
      <group name="smoke">
        <method signature="OpenBrowser.openBrowserAndURL()[pri:0, instance:testcases.OpenBrowser@7c2b6087]" name="openBrowserAndURL" class="testcases.OpenBrowser"/>
        <method signature="TC0001_TextBox_Test.teardown()[pri:3, instance:testcases.TC0001_TextBox_Test@47db5fa5]" name="teardown" class="testcases.TC0001_TextBox_Test"/>
        <method signature="TC0001_TextBox_Test.textBox_Test_Click()[pri:1, instance:testcases.TC0001_TextBox_Test@47db5fa5]" name="textBox_Test_Click" class="testcases.TC0001_TextBox_Test"/>
        <method signature="TC0001_TextBox_Test.textBox_Test_EnterForm(java.util.Hashtable)[pri:2, instance:testcases.TC0001_TextBox_Test@47db5fa5]" name="textBox_Test_EnterForm" class="testcases.TC0001_TextBox_Test"/>
        <method signature="OpenBrowser.openBrowserAndURL()[pri:0, instance:testcases.OpenBrowser@30f5a68a]" name="openBrowserAndURL" class="testcases.OpenBrowser"/>
        <method signature="TC0002_CheckBox_Test.teardown()[pri:3, instance:testcases.TC0002_CheckBox_Test@4e28bdd1]" name="teardown" class="testcases.TC0002_CheckBox_Test"/>
        <method signature="OpenBrowser.openBrowserAndURL()[pri:0, instance:testcases.OpenBrowser@3a62c01e]" name="openBrowserAndURL" class="testcases.OpenBrowser"/>
        <method signature="TC0003_RadioButton_Test.radio_ButtonClick()[pri:1, instance:testcases.TC0003_RadioButton_Test@7a8fa663]" name="radio_ButtonClick" class="testcases.TC0003_RadioButton_Test"/>
        <method signature="TC0003_RadioButton_Test.radiobuttondata(java.util.Hashtable)[pri:2, instance:testcases.TC0003_RadioButton_Test@7a8fa663]" name="radiobuttondata" class="testcases.TC0003_RadioButton_Test"/>
        <method signature="TC0003_RadioButton_Test.tear()[pri:3, instance:testcases.TC0003_RadioButton_Test@7a8fa663]" name="tear" class="testcases.TC0003_RadioButton_Test"/>
        <method signature="OpenBrowser.openBrowserAndURL()[pri:0, instance:testcases.OpenBrowser@4264b240]" name="openBrowserAndURL" class="testcases.OpenBrowser"/>
        <method signature="TC0004_WebTable_Test.tear()[pri:5, instance:testcases.TC0004_WebTable_Test@5b04476e]" name="tear" class="testcases.TC0004_WebTable_Test"/>
        <method signature="TC0004_WebTable_Test.webtable_Click()[pri:1, instance:testcases.TC0004_WebTable_Test@5b04476e]" name="webtable_Click" class="testcases.TC0004_WebTable_Test"/>
        <method signature="TC0004_WebTable_Test.webtable_enter_Values(java.util.Hashtable)[pri:2, instance:testcases.TC0004_WebTable_Test@5b04476e]" name="webtable_enter_Values" class="testcases.TC0004_WebTable_Test"/>
        <method signature="TC0004_WebTable_Test.webtable_serching_(java.util.Hashtable)[pri:4, instance:testcases.TC0004_WebTable_Test@5b04476e]" name="webtable_serching_" class="testcases.TC0004_WebTable_Test"/>
        <method signature="OpenBrowser.openBrowserAndURL()[pri:0, instance:testcases.OpenBrowser@3f363cf5]" name="openBrowserAndURL" class="testcases.OpenBrowser"/>
        <method signature="TC0005_Buttons_Test.buttons_Click()[pri:1, instance:testcases.TC0005_Buttons_Test@3829ac1]" name="buttons_Click" class="testcases.TC0005_Buttons_Test"/>
        <method signature="TC0005_Buttons_Test.double_right_Click()[pri:2, instance:testcases.TC0005_Buttons_Test@3829ac1]" name="double_right_Click" class="testcases.TC0005_Buttons_Test"/>
        <method signature="TC0005_Buttons_Test.tear()[pri:3, instance:testcases.TC0005_Buttons_Test@3829ac1]" name="tear" class="testcases.TC0005_Buttons_Test"/>
        <method signature="OpenBrowser.openBrowserAndURL()[pri:0, instance:testcases.OpenBrowser@553f1d75]" name="openBrowserAndURL" class="testcases.OpenBrowser"/>
        <method signature="TC0006_Links_Test.getLinksText()[pri:2, instance:testcases.TC0006_Links_Test@6e1d8f9e]" name="getLinksText" class="testcases.TC0006_Links_Test"/>
        <method signature="TC0006_Links_Test.links_Click()[pri:1, instance:testcases.TC0006_Links_Test@6e1d8f9e]" name="links_Click" class="testcases.TC0006_Links_Test"/>
        <method signature="TC0006_Links_Test.links_test(java.util.Hashtable)[pri:3, instance:testcases.TC0006_Links_Test@6e1d8f9e]" name="links_test" class="testcases.TC0006_Links_Test"/>
        <method signature="TC0006_Links_Test.tear()[pri:4, instance:testcases.TC0006_Links_Test@6e1d8f9e]" name="tear" class="testcases.TC0006_Links_Test"/>
        <method signature="OpenBrowser.openBrowserAndURL()[pri:0, instance:testcases.OpenBrowser@6cbcf243]" name="openBrowserAndURL" class="testcases.OpenBrowser"/>
        <method signature="TC0007_Broken_Links_Images_Test.brokenLinks_Click()[pri:1, instance:testcases.TC0007_Broken_Links_Images_Test@29e6eb25]" name="brokenLinks_Click" class="testcases.TC0007_Broken_Links_Images_Test"/>
        <method signature="TC0007_Broken_Links_Images_Test.brokenlinks_click_Links(java.util.Hashtable)[pri:3, instance:testcases.TC0007_Broken_Links_Images_Test@29e6eb25]" name="brokenlinks_click_Links" class="testcases.TC0007_Broken_Links_Images_Test"/>
        <method signature="TC0007_Broken_Links_Images_Test.getBrokenLinks_images_Details()[pri:2, instance:testcases.TC0007_Broken_Links_Images_Test@29e6eb25]" name="getBrokenLinks_images_Details" class="testcases.TC0007_Broken_Links_Images_Test"/>
        <method signature="TC0007_Broken_Links_Images_Test.tear()[pri:4, instance:testcases.TC0007_Broken_Links_Images_Test@29e6eb25]" name="tear" class="testcases.TC0007_Broken_Links_Images_Test"/>
        <method signature="OpenBrowser.openBrowserAndURL()[pri:0, instance:testcases.OpenBrowser@275fe372]" name="openBrowserAndURL" class="testcases.OpenBrowser"/>
        <method signature="TC0008_Upload_And_Download_Test.tear()[pri:3, instance:testcases.TC0008_Upload_And_Download_Test@40e10ff8]" name="tear" class="testcases.TC0008_Upload_And_Download_Test"/>
        <method signature="TC0008_Upload_And_Download_Test.updateFile_download()[pri:2, instance:testcases.TC0008_Upload_And_Download_Test@40e10ff8]" name="updateFile_download" class="testcases.TC0008_Upload_And_Download_Test"/>
        <method signature="TC0008_Upload_And_Download_Test.uploadAndDownload_Click()[pri:1, instance:testcases.TC0008_Upload_And_Download_Test@40e10ff8]" name="uploadAndDownload_Click" class="testcases.TC0008_Upload_And_Download_Test"/>
        <method signature="OpenBrowser.openBrowserAndURL()[pri:0, instance:testcases.OpenBrowser@a5b0b86]" name="openBrowserAndURL" class="testcases.OpenBrowser"/>
        <method signature="TC0009_dynamicProperties_Test.dynamicProperties_Click()[pri:1, instance:testcases.TC0009_dynamicProperties_Test@4b3c354a]" name="dynamicProperties_Click" class="testcases.TC0009_dynamicProperties_Test"/>
        <method signature="TC0009_dynamicProperties_Test.tear()[pri:2, instance:testcases.TC0009_dynamicProperties_Test@4b3c354a]" name="tear" class="testcases.TC0009_dynamicProperties_Test"/>
      </group> <!-- smoke -->
      <group name="sanity">
        <method signature="OpenBrowser.openBrowserAndURL()[pri:0, instance:testcases.OpenBrowser@7c2b6087]" name="openBrowserAndURL" class="testcases.OpenBrowser"/>
        <method signature="OpenBrowser.openBrowserAndURL()[pri:0, instance:testcases.OpenBrowser@30f5a68a]" name="openBrowserAndURL" class="testcases.OpenBrowser"/>
        <method signature="OpenBrowser.openBrowserAndURL()[pri:0, instance:testcases.OpenBrowser@3a62c01e]" name="openBrowserAndURL" class="testcases.OpenBrowser"/>
        <method signature="OpenBrowser.openBrowserAndURL()[pri:0, instance:testcases.OpenBrowser@4264b240]" name="openBrowserAndURL" class="testcases.OpenBrowser"/>
        <method signature="OpenBrowser.openBrowserAndURL()[pri:0, instance:testcases.OpenBrowser@3f363cf5]" name="openBrowserAndURL" class="testcases.OpenBrowser"/>
        <method signature="OpenBrowser.openBrowserAndURL()[pri:0, instance:testcases.OpenBrowser@553f1d75]" name="openBrowserAndURL" class="testcases.OpenBrowser"/>
        <method signature="OpenBrowser.openBrowserAndURL()[pri:0, instance:testcases.OpenBrowser@6cbcf243]" name="openBrowserAndURL" class="testcases.OpenBrowser"/>
        <method signature="OpenBrowser.openBrowserAndURL()[pri:0, instance:testcases.OpenBrowser@275fe372]" name="openBrowserAndURL" class="testcases.OpenBrowser"/>
        <method signature="OpenBrowser.openBrowserAndURL()[pri:0, instance:testcases.OpenBrowser@a5b0b86]" name="openBrowserAndURL" class="testcases.OpenBrowser"/>
      </group> <!-- sanity -->
    </groups>
    <test started-at="2023-04-30T23:06:46 IST" name="TestBox" finished-at="2023-04-30T23:07:11 IST" duration-ms="24999">
      <class name="testcases.TC0001_TextBox_Test">
        <test-method signature="textBox_Test_Click()[pri:1, instance:testcases.TC0001_TextBox_Test@47db5fa5]" started-at="2023-04-30T23:07:00 IST" name="textBox_Test_Click" finished-at="2023-04-30T23:07:01 IST" duration-ms="1027" status="PASS">
          <reporter-output>
          </reporter-output>
        </test-method> <!-- textBox_Test_Click -->
        <test-method signature="textBox_Test_EnterForm(java.util.Hashtable)[pri:2, instance:testcases.TC0001_TextBox_Test@47db5fa5]" started-at="2023-04-30T23:07:01 IST" name="textBox_Test_EnterForm" data-provider="demoQAdata" finished-at="2023-04-30T23:07:05 IST" duration-ms="3668" status="FAIL">
          <params>
            <param index="0">
              <value>
                <![CDATA[{paddress=12345678, email=abc@gmail.com, caddress=ab:3737, fname=abc}]]>
              </value>
            </param>
          </params>
          <exception class="java.lang.AssertionError">
            <message>
              <![CDATA[expected [true] but found [false]]]>
            </message>
            <full-stacktrace>
              <![CDATA[java.lang.AssertionError: expected [true] but found [false]
at org.testng.Assert.fail(Assert.java:99)
at org.testng.Assert.failNotEquals(Assert.java:1037)
at org.testng.Assert.assertTrue(Assert.java:45)
at org.testng.Assert.assertTrue(Assert.java:55)
at pages.TC0001_TextBox_Page.textBox_Page_getText(TC0001_TextBox_Page.java:31)
at testcases.TC0001_TextBox_Test.textBox_Test_EnterForm(TC0001_TextBox_Test.java:26)
at java.base/jdk.internal.reflect.NativeMethodAccessorImpl.invoke0(Native Method)
at java.base/jdk.internal.reflect.NativeMethodAccessorImpl.invoke(NativeMethodAccessorImpl.java:77)
at java.base/jdk.internal.reflect.DelegatingMethodAccessorImpl.invoke(DelegatingMethodAccessorImpl.java:43)
at java.base/java.lang.reflect.Method.invoke(Method.java:568)
at org.testng.internal.MethodInvocationHelper.invokeMethod(MethodInvocationHelper.java:133)
at org.testng.internal.TestInvoker.invokeMethod(TestInvoker.java:598)
at org.testng.internal.TestInvoker.invokeTestMethod(TestInvoker.java:173)
at org.testng.internal.MethodRunner.runInSequence(MethodRunner.java:46)
at org.testng.internal.TestInvoker$MethodInvocationAgent.invoke(TestInvoker.java:824)
at org.testng.internal.TestInvoker.invokeTestMethods(TestInvoker.java:146)
at org.testng.internal.TestMethodWorker.invokeTestMethods(TestMethodWorker.java:146)
at org.testng.internal.TestMethodWorker.run(TestMethodWorker.java:128)
at java.base/java.util.ArrayList.forEach(ArrayList.java:1511)
at org.testng.TestRunner.privateRun(TestRunner.java:794)
at org.testng.TestRunner.run(TestRunner.java:596)
at org.testng.SuiteRunner.runTest(SuiteRunner.java:377)
at org.testng.SuiteRunner.runSequentially(SuiteRunner.java:371)
at org.testng.SuiteRunner.privateRun(SuiteRunner.java:332)
at org.testng.SuiteRunner.run(SuiteRunner.java:276)
at org.testng.SuiteRunnerWorker.runSuite(SuiteRunnerWorker.java:53)
at org.testng.SuiteRunnerWorker.run(SuiteRunnerWorker.java:96)
at org.testng.TestNG.runSuitesSequentially(TestNG.java:1212)
at org.testng.TestNG.runSuitesLocally(TestNG.java:1134)
at org.testng.TestNG.runSuites(TestNG.java:1063)
at org.testng.TestNG.run(TestNG.java:1031)
at org.testng.remote.AbstractRemoteTestNG.run(AbstractRemoteTestNG.java:115)
at org.testng.remote.RemoteTestNG.initAndRun(RemoteTestNG.java:251)
at org.testng.remote.RemoteTestNG.main(RemoteTestNG.java:77)
]]>
            </full-stacktrace>
          </exception> <!-- java.lang.AssertionError -->
          <reporter-output>
            <line>
              <![CDATA[Click to see Screenshot]]>
            </line>
            <line>
              <![CDATA[<a target="_blank" href=Sun_Apr_30_23_07_05_IST_2023.jpg>Screenshot</a>]]>
            </line>
            <line>
              <![CDATA[<br>]]>
            </line>
            <line>
              <![CDATA[<br>]]>
            </line>
            <line>
              <![CDATA[<a target="_blank" href=Sun_Apr_30_23_07_05_IST_2023.jpg><img src=Sun_Apr_30_23_07_05_IST_2023.jpg height=200 width=200></img></a>]]>
            </line>
          </reporter-output>
        </test-method> <!-- textBox_Test_EnterForm -->
        <test-method signature="textBox_Test_EnterForm(java.util.Hashtable)[pri:2, instance:testcases.TC0001_TextBox_Test@47db5fa5]" started-at="2023-04-30T23:07:05 IST" name="textBox_Test_EnterForm" data-provider="demoQAdata" finished-at="2023-04-30T23:07:09 IST" duration-ms="3996" status="FAIL">
          <params>
            <param index="0">
              <value>
                <![CDATA[{paddress=1234567899, email=def@gmail.com, caddress=dsd9@09, fname=def}]]>
              </value>
            </param>
          </params>
          <exception class="java.lang.AssertionError">
            <message>
              <![CDATA[expected [true] but found [false]]]>
            </message>
            <full-stacktrace>
              <![CDATA[java.lang.AssertionError: expected [true] but found [false]
at org.testng.Assert.fail(Assert.java:99)
at org.testng.Assert.failNotEquals(Assert.java:1037)
at org.testng.Assert.assertTrue(Assert.java:45)
at org.testng.Assert.assertTrue(Assert.java:55)
at pages.TC0001_TextBox_Page.textBox_Page_getText(TC0001_TextBox_Page.java:31)
at testcases.TC0001_TextBox_Test.textBox_Test_EnterForm(TC0001_TextBox_Test.java:26)
at java.base/jdk.internal.reflect.NativeMethodAccessorImpl.invoke0(Native Method)
at java.base/jdk.internal.reflect.NativeMethodAccessorImpl.invoke(NativeMethodAccessorImpl.java:77)
at java.base/jdk.internal.reflect.DelegatingMethodAccessorImpl.invoke(DelegatingMethodAccessorImpl.java:43)
at java.base/java.lang.reflect.Method.invoke(Method.java:568)
at org.testng.internal.MethodInvocationHelper.invokeMethod(MethodInvocationHelper.java:133)
at org.testng.internal.TestInvoker.invokeMethod(TestInvoker.java:598)
at org.testng.internal.TestInvoker.invokeTestMethod(TestInvoker.java:173)
at org.testng.internal.MethodRunner.runInSequence(MethodRunner.java:46)
at org.testng.internal.TestInvoker$MethodInvocationAgent.invoke(TestInvoker.java:824)
at org.testng.internal.TestInvoker.invokeTestMethods(TestInvoker.java:146)
at org.testng.internal.TestMethodWorker.invokeTestMethods(TestMethodWorker.java:146)
at org.testng.internal.TestMethodWorker.run(TestMethodWorker.java:128)
at java.base/java.util.ArrayList.forEach(ArrayList.java:1511)
at org.testng.TestRunner.privateRun(TestRunner.java:794)
at org.testng.TestRunner.run(TestRunner.java:596)
at org.testng.SuiteRunner.runTest(SuiteRunner.java:377)
at org.testng.SuiteRunner.runSequentially(SuiteRunner.java:371)
at org.testng.SuiteRunner.privateRun(SuiteRunner.java:332)
at org.testng.SuiteRunner.run(SuiteRunner.java:276)
at org.testng.SuiteRunnerWorker.runSuite(SuiteRunnerWorker.java:53)
at org.testng.SuiteRunnerWorker.run(SuiteRunnerWorker.java:96)
at org.testng.TestNG.runSuitesSequentially(TestNG.java:1212)
at org.testng.TestNG.runSuitesLocally(TestNG.java:1134)
at org.testng.TestNG.runSuites(TestNG.java:1063)
at org.testng.TestNG.run(TestNG.java:1031)
at org.testng.remote.AbstractRemoteTestNG.run(AbstractRemoteTestNG.java:115)
at org.testng.remote.RemoteTestNG.initAndRun(RemoteTestNG.java:251)
at org.testng.remote.RemoteTestNG.main(RemoteTestNG.java:77)
]]>
            </full-stacktrace>
          </exception> <!-- java.lang.AssertionError -->
          <reporter-output>
            <line>
              <![CDATA[Click to see Screenshot]]>
            </line>
            <line>
              <![CDATA[<a target="_blank" href=Sun_Apr_30_23_07_10_IST_2023.jpg>Screenshot</a>]]>
            </line>
            <line>
              <![CDATA[<br>]]>
            </line>
            <line>
              <![CDATA[<br>]]>
            </line>
            <line>
              <![CDATA[<a target="_blank" href=Sun_Apr_30_23_07_10_IST_2023.jpg><img src=Sun_Apr_30_23_07_10_IST_2023.jpg height=200 width=200></img></a>]]>
            </line>
          </reporter-output>
        </test-method> <!-- textBox_Test_EnterForm -->
        <test-method signature="teardown()[pri:3, instance:testcases.TC0001_TextBox_Test@47db5fa5]" started-at="2023-04-30T23:07:10 IST" name="teardown" finished-at="2023-04-30T23:07:11 IST" duration-ms="751" status="PASS">
          <reporter-output>
          </reporter-output>
        </test-method> <!-- teardown -->
      </class> <!-- testcases.TC0001_TextBox_Test -->
      <class name="testcases.OpenBrowser">
        <test-method signature="openBrowserAndURL()[pri:0, instance:testcases.OpenBrowser@7c2b6087]" started-at="2023-04-30T23:06:46 IST" name="openBrowserAndURL" finished-at="2023-04-30T23:06:59 IST" duration-ms="12972" status="PASS">
          <reporter-output>
          </reporter-output>
        </test-method> <!-- openBrowserAndURL -->
      </class> <!-- testcases.OpenBrowser -->
    </test> <!-- TestBox -->
    <test started-at="2023-04-30T23:07:11 IST" name="CheckBox" finished-at="2023-04-30T23:07:21 IST" duration-ms="10445">
      <class name="testcases.OpenBrowser">
        <test-method signature="openBrowserAndURL()[pri:0, instance:testcases.OpenBrowser@30f5a68a]" started-at="2023-04-30T23:07:11 IST" name="openBrowserAndURL" finished-at="2023-04-30T23:07:20 IST" duration-ms="9541" status="PASS">
          <reporter-output>
          </reporter-output>
        </test-method> <!-- openBrowserAndURL -->
      </class> <!-- testcases.OpenBrowser -->
      <class name="testcases.TC0002_CheckBox_Test">
        <test-method signature="teardown()[pri:3, instance:testcases.TC0002_CheckBox_Test@4e28bdd1]" started-at="2023-04-30T23:07:21 IST" name="teardown" finished-at="2023-04-30T23:07:21 IST" duration-ms="763" status="PASS">
          <reporter-output>
          </reporter-output>
        </test-method> <!-- teardown -->
      </class> <!-- testcases.TC0002_CheckBox_Test -->
    </test> <!-- CheckBox -->
    <test started-at="2023-04-30T23:07:21 IST" name="RadioButton" finished-at="2023-04-30T23:07:37 IST" duration-ms="15515">
      <class name="testcases.OpenBrowser">
        <test-method signature="openBrowserAndURL()[pri:0, instance:testcases.OpenBrowser@3a62c01e]" started-at="2023-04-30T23:07:21 IST" name="openBrowserAndURL" finished-at="2023-04-30T23:07:29 IST" duration-ms="8047" status="PASS">
          <reporter-output>
          </reporter-output>
        </test-method> <!-- openBrowserAndURL -->
      </class> <!-- testcases.OpenBrowser -->
      <class name="testcases.TC0003_RadioButton_Test">
        <test-method signature="radio_ButtonClick()[pri:1, instance:testcases.TC0003_RadioButton_Test@7a8fa663]" started-at="2023-04-30T23:07:30 IST" name="radio_ButtonClick" finished-at="2023-04-30T23:07:31 IST" duration-ms="1262" status="PASS">
          <reporter-output>
          </reporter-output>
        </test-method> <!-- radio_ButtonClick -->
        <test-method signature="radiobuttondata(java.util.Hashtable)[pri:2, instance:testcases.TC0003_RadioButton_Test@7a8fa663]" started-at="2023-04-30T23:07:31 IST" name="radiobuttondata" data-provider="demoQAdata" finished-at="2023-04-30T23:07:35 IST" duration-ms="3743" status="PASS">
          <params>
            <param index="0">
              <value>
                <![CDATA[{no=true, yes=true, impressive=false}]]>
              </value>
            </param>
          </params>
          <reporter-output>
          </reporter-output>
        </test-method> <!-- radiobuttondata -->
        <test-method signature="tear()[pri:3, instance:testcases.TC0003_RadioButton_Test@7a8fa663]" started-at="2023-04-30T23:07:35 IST" name="tear" finished-at="2023-04-30T23:07:37 IST" duration-ms="2026" status="PASS">
          <reporter-output>
          </reporter-output>
        </test-method> <!-- tear -->
      </class> <!-- testcases.TC0003_RadioButton_Test -->
    </test> <!-- RadioButton -->
    <test started-at="2023-04-30T23:07:37 IST" name="WebTable" finished-at="2023-04-30T23:08:40 IST" duration-ms="62674">
      <class name="testcases.TC0004_WebTable_Test">
        <test-method signature="webtable_Click()[pri:1, instance:testcases.TC0004_WebTable_Test@5b04476e]" started-at="2023-04-30T23:07:47 IST" name="webtable_Click" finished-at="2023-04-30T23:07:49 IST" duration-ms="1500" status="PASS">
          <reporter-output>
          </reporter-output>
        </test-method> <!-- webtable_Click -->
        <test-method signature="webtable_enter_Values(java.util.Hashtable)[pri:2, instance:testcases.TC0004_WebTable_Test@5b04476e]" started-at="2023-04-30T23:07:49 IST" name="webtable_enter_Values" data-provider="demoQAdata" finished-at="2023-04-30T23:07:56 IST" duration-ms="6925" status="PASS">
          <params>
            <param index="0">
              <value>
                <![CDATA[{age=25, lname=def, email=abc@gmail.com, depertment=IT, salary=8000, fname=abc}]]>
              </value>
            </param>
          </params>
          <reporter-output>
          </reporter-output>
        </test-method> <!-- webtable_enter_Values -->
        <test-method signature="webtable_enter_Values(java.util.Hashtable)[pri:2, instance:testcases.TC0004_WebTable_Test@5b04476e]" started-at="2023-04-30T23:07:56 IST" name="webtable_enter_Values" data-provider="demoQAdata" finished-at="2023-04-30T23:08:01 IST" duration-ms="5128" status="PASS">
          <params>
            <param index="0">
              <value>
                <![CDATA[{age=26, lname=stv, email=xyz@gmail.com, depertment=QA, salary=9000, fname=xyz}]]>
              </value>
            </param>
          </params>
          <reporter-output>
          </reporter-output>
        </test-method> <!-- webtable_enter_Values -->
        <test-method signature="webtable_serching_(java.util.Hashtable)[pri:4, instance:testcases.TC0004_WebTable_Test@5b04476e]" started-at="2023-04-30T23:08:01 IST" name="webtable_serching_" data-provider="demoQAdata" finished-at="2023-04-30T23:08:21 IST" duration-ms="19689" status="PASS">
          <params>
            <param index="0">
              <value>
                <![CDATA[{mfname=abc1, mlname=def1, memail=abc1@gmail.com, smfname=abc1, fname=abc}]]>
              </value>
            </param>
          </params>
          <reporter-output>
          </reporter-output>
        </test-method> <!-- webtable_serching_ -->
        <test-method signature="webtable_serching_(java.util.Hashtable)[pri:4, instance:testcases.TC0004_WebTable_Test@5b04476e]" started-at="2023-04-30T23:08:21 IST" name="webtable_serching_" data-provider="demoQAdata" finished-at="2023-04-30T23:08:39 IST" duration-ms="17990" status="PASS">
          <params>
            <param index="0">
              <value>
                <![CDATA[{mfname=xyz1, mlname=stv1, memail=xyz1@gmail.com, smfname=xyz1, fname=xyz}]]>
              </value>
            </param>
          </params>
          <reporter-output>
          </reporter-output>
        </test-method> <!-- webtable_serching_ -->
        <test-method signature="tear()[pri:5, instance:testcases.TC0004_WebTable_Test@5b04476e]" started-at="2023-04-30T23:08:39 IST" name="tear" finished-at="2023-04-30T23:08:40 IST" duration-ms="544" status="PASS">
          <reporter-output>
          </reporter-output>
        </test-method> <!-- tear -->
      </class> <!-- testcases.TC0004_WebTable_Test -->
      <class name="testcases.OpenBrowser">
        <test-method signature="openBrowserAndURL()[pri:0, instance:testcases.OpenBrowser@4264b240]" started-at="2023-04-30T23:07:37 IST" name="openBrowserAndURL" finished-at="2023-04-30T23:07:47 IST" duration-ms="10116" status="PASS">
          <reporter-output>
          </reporter-output>
        </test-method> <!-- openBrowserAndURL -->
      </class> <!-- testcases.OpenBrowser -->
    </test> <!-- WebTable -->
    <test started-at="2023-04-30T23:08:40 IST" name="Buttons" finished-at="2023-04-30T23:08:56 IST" duration-ms="16200">
      <class name="testcases.TC0005_Buttons_Test">
        <test-method signature="buttons_Click()[pri:1, instance:testcases.TC0005_Buttons_Test@3829ac1]" started-at="2023-04-30T23:08:50 IST" name="buttons_Click" finished-at="2023-04-30T23:08:51 IST" duration-ms="303" status="PASS">
          <reporter-output>
          </reporter-output>
        </test-method> <!-- buttons_Click -->
        <test-method signature="double_right_Click()[pri:2, instance:testcases.TC0005_Buttons_Test@3829ac1]" started-at="2023-04-30T23:08:51 IST" name="double_right_Click" finished-at="2023-04-30T23:08:55 IST" duration-ms="4474" status="PASS">
          <reporter-output>
          </reporter-output>
        </test-method> <!-- double_right_Click -->
        <test-method signature="tear()[pri:3, instance:testcases.TC0005_Buttons_Test@3829ac1]" started-at="2023-04-30T23:08:55 IST" name="tear" finished-at="2023-04-30T23:08:56 IST" duration-ms="493" status="PASS">
          <reporter-output>
          </reporter-output>
        </test-method> <!-- tear -->
      </class> <!-- testcases.TC0005_Buttons_Test -->
      <class name="testcases.OpenBrowser">
        <test-method signature="openBrowserAndURL()[pri:0, instance:testcases.OpenBrowser@3f363cf5]" started-at="2023-04-30T23:08:40 IST" name="openBrowserAndURL" finished-at="2023-04-30T23:08:50 IST" duration-ms="10664" status="PASS">
          <reporter-output>
          </reporter-output>
        </test-method> <!-- openBrowserAndURL -->
      </class> <!-- testcases.OpenBrowser -->
    </test> <!-- Buttons -->
    <test started-at="2023-04-30T23:08:56 IST" name="Links" finished-at="2023-04-30T23:09:33 IST" duration-ms="37403">
      <class name="testcases.TC0006_Links_Test">
        <test-method signature="links_Click()[pri:1, instance:testcases.TC0006_Links_Test@6e1d8f9e]" started-at="2023-04-30T23:09:07 IST" name="links_Click" finished-at="2023-04-30T23:09:08 IST" duration-ms="1005" status="PASS">
          <reporter-output>
          </reporter-output>
        </test-method> <!-- links_Click -->
        <test-method signature="getLinksText()[pri:2, instance:testcases.TC0006_Links_Test@6e1d8f9e]" started-at="2023-04-30T23:09:08 IST" name="getLinksText" finished-at="2023-04-30T23:09:08 IST" duration-ms="587" status="PASS">
          <reporter-output>
          </reporter-output>
        </test-method> <!-- getLinksText -->
        <test-method signature="links_test(java.util.Hashtable)[pri:3, instance:testcases.TC0006_Links_Test@6e1d8f9e]" started-at="2023-04-30T23:09:08 IST" name="links_test" data-provider="demoQAdata" finished-at="2023-04-30T23:09:33 IST" duration-ms="24280" status="PASS">
          <params>
            <param index="0">
              <value>
                <![CDATA[{nocontent=true, unautorized=true, created=true, home2=true, not_found=true, forbidden=true, home=true, moved=true, badrequest=true}]]>
              </value>
            </param>
          </params>
          <reporter-output>
          </reporter-output>
        </test-method> <!-- links_test -->
        <test-method signature="tear()[pri:4, instance:testcases.TC0006_Links_Test@6e1d8f9e]" started-at="2023-04-30T23:09:33 IST" name="tear" finished-at="2023-04-30T23:09:33 IST" duration-ms="475" status="PASS">
          <reporter-output>
          </reporter-output>
        </test-method> <!-- tear -->
      </class> <!-- testcases.TC0006_Links_Test -->
      <class name="testcases.OpenBrowser">
        <test-method signature="openBrowserAndURL()[pri:0, instance:testcases.OpenBrowser@553f1d75]" started-at="2023-04-30T23:08:56 IST" name="openBrowserAndURL" finished-at="2023-04-30T23:09:06 IST" duration-ms="10626" status="PASS">
          <reporter-output>
          </reporter-output>
        </test-method> <!-- openBrowserAndURL -->
      </class> <!-- testcases.OpenBrowser -->
    </test> <!-- Links -->
    <test started-at="2023-04-30T23:09:33 IST" name="BrokenLinks" finished-at="2023-04-30T23:10:24 IST" duration-ms="50353">
      <class name="testcases.OpenBrowser">
        <test-method signature="openBrowserAndURL()[pri:0, instance:testcases.OpenBrowser@6cbcf243]" started-at="2023-04-30T23:09:33 IST" name="openBrowserAndURL" finished-at="2023-04-30T23:09:46 IST" duration-ms="12332" status="PASS">
          <reporter-output>
          </reporter-output>
        </test-method> <!-- openBrowserAndURL -->
      </class> <!-- testcases.OpenBrowser -->
      <class name="testcases.TC0007_Broken_Links_Images_Test">
        <test-method signature="brokenLinks_Click()[pri:1, instance:testcases.TC0007_Broken_Links_Images_Test@29e6eb25]" started-at="2023-04-30T23:09:46 IST" name="brokenLinks_Click" finished-at="2023-04-30T23:09:48 IST" duration-ms="1981" status="PASS">
          <reporter-output>
          </reporter-output>
        </test-method> <!-- brokenLinks_Click -->
        <test-method signature="getBrokenLinks_images_Details()[pri:2, instance:testcases.TC0007_Broken_Links_Images_Test@29e6eb25]" started-at="2023-04-30T23:09:48 IST" name="getBrokenLinks_images_Details" finished-at="2023-04-30T23:09:52 IST" duration-ms="4744" status="PASS">
          <reporter-output>
          </reporter-output>
        </test-method> <!-- getBrokenLinks_images_Details -->
        <test-method signature="brokenlinks_click_Links(java.util.Hashtable)[pri:3, instance:testcases.TC0007_Broken_Links_Images_Test@29e6eb25]" started-at="2023-04-30T23:09:53 IST" name="brokenlinks_click_Links" data-provider="demoQAdata" finished-at="2023-04-30T23:10:23 IST" duration-ms="29906" status="FAIL">
          <params>
            <param index="0">
              <value>
                <![CDATA[{link2=true, link1=true}]]>
              </value>
            </param>
          </params>
          <exception class="java.lang.AssertionError">
            <message>
              <![CDATA[The following asserts failed:
 fffffffff expected [https://demoqa.com/] but found [https://demoqa.com/1],
seeeeeeee expected [http://the-internet.herokuapp.com/status_codes/500] but found [http://the-internet.herokuapp.com/status_codes/5001]]]>
            </message>
            <full-stacktrace>
              <![CDATA[java.lang.AssertionError: The following asserts failed:
 fffffffff expected [https://demoqa.com/] but found [https://demoqa.com/1],
seeeeeeee expected [http://the-internet.herokuapp.com/status_codes/500] but found [http://the-internet.herokuapp.com/status_codes/5001]
at org.testng.asserts.SoftAssert.assertAll(SoftAssert.java:47)
at org.testng.asserts.SoftAssert.assertAll(SoftAssert.java:31)
at pages.TC0007_BrokenLinks_Page.click_Links(TC0007_BrokenLinks_Page.java:126)
at testcases.TC0007_Broken_Links_Images_Test.brokenlinks_click_Links(TC0007_Broken_Links_Images_Test.java:32)
at java.base/jdk.internal.reflect.NativeMethodAccessorImpl.invoke0(Native Method)
at java.base/jdk.internal.reflect.NativeMethodAccessorImpl.invoke(NativeMethodAccessorImpl.java:77)
at java.base/jdk.internal.reflect.DelegatingMethodAccessorImpl.invoke(DelegatingMethodAccessorImpl.java:43)
at java.base/java.lang.reflect.Method.invoke(Method.java:568)
at org.testng.internal.MethodInvocationHelper.invokeMethod(MethodInvocationHelper.java:133)
at org.testng.internal.TestInvoker.invokeMethod(TestInvoker.java:598)
at org.testng.internal.TestInvoker.invokeTestMethod(TestInvoker.java:173)
at org.testng.internal.MethodRunner.runInSequence(MethodRunner.java:46)
at org.testng.internal.TestInvoker$MethodInvocationAgent.invoke(TestInvoker.java:824)
at org.testng.internal.TestInvoker.invokeTestMethods(TestInvoker.java:146)
at org.testng.internal.TestMethodWorker.invokeTestMethods(TestMethodWorker.java:146)
at org.testng.internal.TestMethodWorker.run(TestMethodWorker.java:128)
at java.base/java.util.ArrayList.forEach(ArrayList.java:1511)
at org.testng.TestRunner.privateRun(TestRunner.java:794)
at org.testng.TestRunner.run(TestRunner.java:596)
at org.testng.SuiteRunner.runTest(SuiteRunner.java:377)
at org.testng.SuiteRunner.runSequentially(SuiteRunner.java:371)
at org.testng.SuiteRunner.privateRun(SuiteRunner.java:332)
at org.testng.SuiteRunner.run(SuiteRunner.java:276)
at org.testng.SuiteRunnerWorker.runSuite(SuiteRunnerWorker.java:53)
at org.testng.SuiteRunnerWorker.run(SuiteRunnerWorker.java:96)
at org.testng.TestNG.runSuitesSequentially(TestNG.java:1212)
at org.testng.TestNG.runSuitesLocally(TestNG.java:1134)
at org.testng.TestNG.runSuites(TestNG.java:1063)
at org.testng.TestNG.run(TestNG.java:1031)
at org.testng.remote.AbstractRemoteTestNG.run(AbstractRemoteTestNG.java:115)
at org.testng.remote.RemoteTestNG.initAndRun(RemoteTestNG.java:251)
at org.testng.remote.RemoteTestNG.main(RemoteTestNG.java:77)
]]>
            </full-stacktrace>
          </exception> <!-- java.lang.AssertionError -->
          <reporter-output>
            <line>
              <![CDATA[Click to see Screenshot]]>
            </line>
            <line>
              <![CDATA[<a target="_blank" href=Sun_Apr_30_23_10_23_IST_2023.jpg>Screenshot</a>]]>
            </line>
            <line>
              <![CDATA[<br>]]>
            </line>
            <line>
              <![CDATA[<br>]]>
            </line>
            <line>
              <![CDATA[<a target="_blank" href=Sun_Apr_30_23_10_23_IST_2023.jpg><img src=Sun_Apr_30_23_10_23_IST_2023.jpg height=200 width=200></img></a>]]>
            </line>
          </reporter-output>
        </test-method> <!-- brokenlinks_click_Links -->
        <test-method signature="tear()[pri:4, instance:testcases.TC0007_Broken_Links_Images_Test@29e6eb25]" started-at="2023-04-30T23:10:23 IST" name="tear" finished-at="2023-04-30T23:10:24 IST" duration-ms="579" status="PASS">
          <reporter-output>
          </reporter-output>
        </test-method> <!-- tear -->
      </class> <!-- testcases.TC0007_Broken_Links_Images_Test -->
    </test> <!-- BrokenLinks -->
    <test started-at="2023-04-30T23:10:24 IST" name="upload and download" finished-at="2023-04-30T23:10:44 IST" duration-ms="20427">
      <class name="testcases.OpenBrowser">
        <test-method signature="openBrowserAndURL()[pri:0, instance:testcases.OpenBrowser@275fe372]" started-at="2023-04-30T23:10:24 IST" name="openBrowserAndURL" finished-at="2023-04-30T23:10:36 IST" duration-ms="11983" status="PASS">
          <reporter-output>
          </reporter-output>
        </test-method> <!-- openBrowserAndURL -->
      </class> <!-- testcases.OpenBrowser -->
      <class name="testcases.TC0008_Upload_And_Download_Test">
        <test-method signature="uploadAndDownload_Click()[pri:1, instance:testcases.TC0008_Upload_And_Download_Test@40e10ff8]" started-at="2023-04-30T23:10:36 IST" name="uploadAndDownload_Click" finished-at="2023-04-30T23:10:37 IST" duration-ms="948" status="PASS">
          <reporter-output>
          </reporter-output>
        </test-method> <!-- uploadAndDownload_Click -->
        <test-method signature="updateFile_download()[pri:2, instance:testcases.TC0008_Upload_And_Download_Test@40e10ff8]" started-at="2023-04-30T23:10:37 IST" name="updateFile_download" finished-at="2023-04-30T23:10:43 IST" duration-ms="6376" status="PASS">
          <reporter-output>
          </reporter-output>
        </test-method> <!-- updateFile_download -->
        <test-method signature="tear()[pri:3, instance:testcases.TC0008_Upload_And_Download_Test@40e10ff8]" started-at="2023-04-30T23:10:43 IST" name="tear" finished-at="2023-04-30T23:10:44 IST" duration-ms="844" status="PASS">
          <reporter-output>
          </reporter-output>
        </test-method> <!-- tear -->
      </class> <!-- testcases.TC0008_Upload_And_Download_Test -->
    </test> <!-- upload and download -->
    <test started-at="2023-04-30T23:10:44 IST" name="dynamicpropeties" finished-at="2023-04-30T23:11:03 IST" duration-ms="18942">
      <class name="testcases.TC0009_dynamicProperties_Test">
        <test-method signature="dynamicProperties_Click()[pri:1, instance:testcases.TC0009_dynamicProperties_Test@4b3c354a]" started-at="2023-04-30T23:10:56 IST" name="dynamicProperties_Click" finished-at="2023-04-30T23:11:02 IST" duration-ms="6126" status="PASS">
          <reporter-output>
          </reporter-output>
        </test-method> <!-- dynamicProperties_Click -->
        <test-method signature="tear()[pri:2, instance:testcases.TC0009_dynamicProperties_Test@4b3c354a]" started-at="2023-04-30T23:11:02 IST" name="tear" finished-at="2023-04-30T23:11:03 IST" duration-ms="694" status="PASS">
          <reporter-output>
          </reporter-output>
        </test-method> <!-- tear -->
      </class> <!-- testcases.TC0009_dynamicProperties_Test -->
      <class name="testcases.OpenBrowser">
        <test-method signature="openBrowserAndURL()[pri:0, instance:testcases.OpenBrowser@a5b0b86]" started-at="2023-04-30T23:10:44 IST" name="openBrowserAndURL" finished-at="2023-04-30T23:10:56 IST" duration-ms="11795" status="PASS">
          <reporter-output>
          </reporter-output>
        </test-method> <!-- openBrowserAndURL -->
      </class> <!-- testcases.OpenBrowser -->
    </test> <!-- dynamicpropeties -->
  </suite> <!-- Suite -->
</testng-results>
