<?xml version="1.0" encoding="UTF-8"?>
<!-- Generated by org.testng.reporters.JUnitReportReporter -->
<testsuite hostname="DESKTOP-4R0B1MP" failures="1" tests="4" name="testcases.TC0007_Broken_Links_Images_Test" time="37.210" errors="0" timestamp="2023-04-30T23:11:04 IST" skipped="0">
  <testcase classname="testcases.TC0007_Broken_Links_Images_Test" name="brokenLinks_Click" time="1.981"/>
  <system-out/>
  <testcase classname="testcases.TC0007_Broken_Links_Images_Test" name="getBrokenLinks_images_Details" time="4.744"/>
  <system-out/>
  <testcase classname="testcases.TC0007_Broken_Links_Images_Test" name="brokenlinks_click_Links" time="29.906">
    <failure message="The following asserts failed:
	 fffffffff expected [https://demoqa.com/] but found [https://demoqa.com/1],
	seeeeeeee expected [http://the-internet.herokuapp.com/status_codes/500] but found [http://the-internet.herokuapp.com/status_codes/5001]" type="java.lang.AssertionError">
      <![CDATA[java.lang.AssertionError: The following asserts failed:
 fffffffff expected [https://demoqa.com/] but found [https://demoqa.com/1],
seeeeeeee expected [http://the-internet.herokuapp.com/status_codes/500] but found [http://the-internet.herokuapp.com/status_codes/5001]
at org.testng.asserts.SoftAssert.assertAll(SoftAssert.java:47)
at org.testng.asserts.SoftAssert.assertAll(SoftAssert.java:31)
at pages.TC0007_BrokenLinks_Page.click_Links(TC0007_BrokenLinks_Page.java:126)
at testcases.TC0007_Broken_Links_Images_Test.brokenlinks_click_Links(TC0007_Broken_Links_Images_Test.java:32)
at java.base/jdk.internal.reflect.NativeMethodAccessorImpl.invoke0(Native Method)
at java.base/jdk.internal.reflect.NativeMethodAccessorImpl.invoke(NativeMethodAccessorImpl.java:77)
at java.base/jdk.internal.reflect.DelegatingMethodAccessorImpl.invoke(DelegatingMethodAccessorImpl.java:43)
at java.base/java.lang.reflect.Method.invoke(Method.java:568)
at org.testng.internal.MethodInvocationHelper.invokeMethod(MethodInvocationHelper.java:133)
at org.testng.internal.TestInvoker.invokeMethod(TestInvoker.java:598)
at org.testng.internal.TestInvoker.invokeTestMethod(TestInvoker.java:173)
at org.testng.internal.MethodRunner.runInSequence(MethodRunner.java:46)
at org.testng.internal.TestInvoker$MethodInvocationAgent.invoke(TestInvoker.java:824)
at org.testng.internal.TestInvoker.invokeTestMethods(TestInvoker.java:146)
at org.testng.internal.TestMethodWorker.invokeTestMethods(TestMethodWorker.java:146)
at org.testng.internal.TestMethodWorker.run(TestMethodWorker.java:128)
at java.base/java.util.ArrayList.forEach(ArrayList.java:1511)
at org.testng.TestRunner.privateRun(TestRunner.java:794)
at org.testng.TestRunner.run(TestRunner.java:596)
at org.testng.SuiteRunner.runTest(SuiteRunner.java:377)
at org.testng.SuiteRunner.runSequentially(SuiteRunner.java:371)
at org.testng.SuiteRunner.privateRun(SuiteRunner.java:332)
at org.testng.SuiteRunner.run(SuiteRunner.java:276)
at org.testng.SuiteRunnerWorker.runSuite(SuiteRunnerWorker.java:53)
at org.testng.SuiteRunnerWorker.run(SuiteRunnerWorker.java:96)
at org.testng.TestNG.runSuitesSequentially(TestNG.java:1212)
at org.testng.TestNG.runSuitesLocally(TestNG.java:1134)
at org.testng.TestNG.runSuites(TestNG.java:1063)
at org.testng.TestNG.run(TestNG.java:1031)
at org.testng.remote.AbstractRemoteTestNG.run(AbstractRemoteTestNG.java:115)
at org.testng.remote.RemoteTestNG.initAndRun(RemoteTestNG.java:251)
at org.testng.remote.RemoteTestNG.main(RemoteTestNG.java:77)
]]>
    </failure>
  </testcase> <!-- brokenlinks_click_Links -->
  <system-out>
    <![CDATA[Click to see Screenshot
<a target="_blank" href=Sun_Apr_30_23_10_23_IST_2023.jpg>Screenshot</a>
<br>
<br>
<a target="_blank" href=Sun_Apr_30_23_10_23_IST_2023.jpg><img src=Sun_Apr_30_23_10_23_IST_2023.jpg height=200 width=200></img></a>]]>
  </system-out>
  <testcase classname="testcases.TC0007_Broken_Links_Images_Test" name="tear" time="0.579"/>
  <system-out/>
</testsuite> <!-- testcases.TC0007_Broken_Links_Images_Test -->
