<?xml version="1.0" encoding="UTF-8"?>
<!-- Generated by org.testng.reporters.JUnitReportReporter -->
<testsuite hostname="DESKTOP-4R0B1MP" failures="1" tests="4" name="testcases.TC0007_Broken_Links_Images_Test" time="25.731" errors="0" timestamp="2023-04-30T23:21:25 IST" skipped="0">
  <testcase classname="testcases.TC0007_Broken_Links_Images_Test" name="brokenLinks_Click" time="1.321"/>
  <system-out/>
  <testcase classname="testcases.TC0007_Broken_Links_Images_Test" name="getBrokenLinks_images_Details" time="4.627"/>
  <system-out/>
  <testcase classname="testcases.TC0007_Broken_Links_Images_Test" name="brokenlinks_click_Links" time="19.186">
    <failure message="The following asserts failed:
	 fffffffff expected [https://demoqa.com/] but found [https://demoqa.com/1],
	seeeeeeee expected [http://the-internet.herokuapp.com/status_codes/500] but found [http://the-internet.herokuapp.com/status_codes/5001]" type="java.lang.AssertionError">
      <![CDATA[java.lang.AssertionError: The following asserts failed:
 fffffffff expected [https://demoqa.com/] but found [https://demoqa.com/1],
seeeeeeee expected [http://the-internet.herokuapp.com/status_codes/500] but found [http://the-internet.herokuapp.com/status_codes/5001]
at org.testng.asserts.SoftAssert.assertAll(SoftAssert.java:46)
at org.testng.asserts.SoftAssert.assertAll(SoftAssert.java:30)
at pages.TC0007_BrokenLinks_Page.click_Links(TC0007_BrokenLinks_Page.java:126)
at testcases.TC0007_Broken_Links_Images_Test.brokenlinks_click_Links(TC0007_Broken_Links_Images_Test.java:32)
at java.base/jdk.internal.reflect.NativeMethodAccessorImpl.invoke0(Native Method)
at java.base/jdk.internal.reflect.NativeMethodAccessorImpl.invoke(NativeMethodAccessorImpl.java:77)
at java.base/jdk.internal.reflect.DelegatingMethodAccessorImpl.invoke(DelegatingMethodAccessorImpl.java:43)
at java.base/java.lang.reflect.Method.invoke(Method.java:568)
at org.testng.internal.invokers.MethodInvocationHelper.invokeMethod(MethodInvocationHelper.java:139)
at org.testng.internal.invokers.TestInvoker.invokeMethod(TestInvoker.java:677)
at org.testng.internal.invokers.TestInvoker.invokeTestMethod(TestInvoker.java:221)
at org.testng.internal.invokers.MethodRunner.runInSequence(MethodRunner.java:50)
at org.testng.internal.invokers.TestInvoker$MethodInvocationAgent.invoke(TestInvoker.java:962)
at org.testng.internal.invokers.TestInvoker.invokeTestMethods(TestInvoker.java:194)
at org.testng.internal.invokers.TestMethodWorker.invokeTestMethods(TestMethodWorker.java:148)
at org.testng.internal.invokers.TestMethodWorker.run(TestMethodWorker.java:128)
at java.base/java.util.ArrayList.forEach(ArrayList.java:1511)
at org.testng.TestRunner.privateRun(TestRunner.java:806)
at org.testng.TestRunner.run(TestRunner.java:601)
at org.testng.SuiteRunner.runTest(SuiteRunner.java:433)
at org.testng.SuiteRunner.runSequentially(SuiteRunner.java:427)
at org.testng.SuiteRunner.privateRun(SuiteRunner.java:387)
at org.testng.SuiteRunner.run(SuiteRunner.java:330)
at org.testng.SuiteRunnerWorker.runSuite(SuiteRunnerWorker.java:52)
at org.testng.SuiteRunnerWorker.run(SuiteRunnerWorker.java:95)
at org.testng.TestNG.runSuitesSequentially(TestNG.java:1256)
at org.testng.TestNG.runSuitesLocally(TestNG.java:1176)
at org.testng.TestNG.runSuites(TestNG.java:1099)
at org.testng.TestNG.run(TestNG.java:1067)
at org.apache.maven.surefire.testng.TestNGExecutor.run(TestNGExecutor.java:284)
at org.apache.maven.surefire.testng.TestNGXmlTestSuite.execute(TestNGXmlTestSuite.java:75)
at org.apache.maven.surefire.testng.TestNGProvider.invoke(TestNGProvider.java:119)
at org.apache.maven.surefire.booter.ForkedBooter.runSuitesInProcess(ForkedBooter.java:428)
at org.apache.maven.surefire.booter.ForkedBooter.execute(ForkedBooter.java:162)
at org.apache.maven.surefire.booter.ForkedBooter.run(ForkedBooter.java:562)
at org.apache.maven.surefire.booter.ForkedBooter.main(ForkedBooter.java:548)
]]>
    </failure>
  </testcase> <!-- brokenlinks_click_Links -->
  <system-out>
    <![CDATA[Click to see Screenshot
<a target="_blank" href=Sun_Apr_30_23_20_48_IST_2023.jpg>Screenshot</a>
<br>
<br>
<a target="_blank" href=Sun_Apr_30_23_20_48_IST_2023.jpg><img src=Sun_Apr_30_23_20_48_IST_2023.jpg height=200 width=200></img></a>]]>
  </system-out>
  <testcase classname="testcases.TC0007_Broken_Links_Images_Test" name="tear" time="0.597"/>
  <system-out/>
</testsuite> <!-- testcases.TC0007_Broken_Links_Images_Test -->
